<?xml version="1.0" encoding="UTF-8"?>
<!-- Generated by org.testng.reporters.JUnitReportReporter -->
<testsuite hostname="IN-J3NN6S3" failures="0" tests="3" name="com.crm.qa.testcases.LoginPageTest" time="45.788" errors="0" timestamp="2024-03-04T00:14:03 IST" skipped="0">
  <testcase classname="com.crm.qa.testcases.LoginPageTest" name="loginPageTitleTest" time="15.366"/>
  <testcase classname="com.crm.qa.testcases.LoginPageTest" name="crmLogoImageTest" time="9.716"/>
  <testcase classname="com.crm.qa.testcases.LoginPageTest" name="loginTest" time="20.706"/>
</testsuite> <!-- com.crm.qa.testcases.LoginPageTest -->
