<?xml version="1.0" encoding="UTF-8"?>
<!-- Generated by org.testng.reporters.JUnitReportReporter -->
<testsuite hostname="IN-J3NN6S3" failures="0" tests="1" name="com.amazon.qa.test.RunTest" time="63.320" errors="0" timestamp="2024-03-27T16:36:27 IST" skipped="0">
  <testcase classname="com.amazon.qa.test.RunTest" name="testcase" time="63.320"/>
</testsuite> <!-- com.amazon.qa.test.RunTest -->
