<?xml version="1.0" encoding="UTF-8"?>
<!-- Generated by org.testng.reporters.JUnitReportReporter -->
<testsuite hostname="IN-J3NN6S3" failures="0" tests="3" name="com.crm.qa.testcases.LoginPageTest" time="46.335" errors="0" timestamp="2024-02-29T21:15:39 IST" skipped="0">
  <testcase classname="com.crm.qa.testcases.LoginPageTest" name="loginPageTitleTest" time="12.399"/>
  <testcase classname="com.crm.qa.testcases.LoginPageTest" name="crmLogoImageTest" time="10.880"/>
  <testcase classname="com.crm.qa.testcases.LoginPageTest" name="loginTest" time="23.056"/>
</testsuite> <!-- com.crm.qa.testcases.LoginPageTest -->
