<?xml version="1.0" encoding="UTF-8"?>
<testsuite xmlns:xsi="http://www.w3.org/2001/XMLSchema-instance" xsi:noNamespaceSchemaLocation="https://maven.apache.org/surefire/maven-surefire-plugin/xsd/surefire-test-report-3.0.xsd" version="3.0" name="com.amazon.qa.test.RunTest" time="65.685" tests="1" errors="0" skipped="0" failures="0">
  <properties>
    <property name="java.specification.version" value="21"/>
    <property name="webdriver.chrome.driver" value="C:\Users\bchattopadhy\eclipse-workspace\chromedriver.exe"/>
    <property name="sun.cpu.isalist" value="amd64"/>
    <property name="sun.jnu.encoding" value="Cp1252"/>
    <property name="java.class.path" value="C:\Users\bchattopadhy\eclipse-workspace\Ecom\target\test-classes;C:\Users\bchattopadhy\eclipse-workspace\Ecom\target\classes;C:\Users\bchattopadhy\.m2\repository\org\seleniumhq\selenium\selenium-java\4.18.1\selenium-java-4.18.1.jar;C:\Users\bchattopadhy\.m2\repository\org\seleniumhq\selenium\selenium-api\4.18.1\selenium-api-4.18.1.jar;C:\Users\bchattopadhy\.m2\repository\org\seleniumhq\selenium\selenium-chrome-driver\4.18.1\selenium-chrome-driver-4.18.1.jar;C:\Users\bchattopadhy\.m2\repository\com\google\auto\service\auto-service-annotations\1.1.1\auto-service-annotations-1.1.1.jar;C:\Users\bchattopadhy\.m2\repository\org\seleniumhq\selenium\selenium-chromium-driver\4.18.1\selenium-chromium-driver-4.18.1.jar;C:\Users\bchattopadhy\.m2\repository\org\seleniumhq\selenium\selenium-json\4.18.1\selenium-json-4.18.1.jar;C:\Users\bchattopadhy\.m2\repository\org\seleniumhq\selenium\selenium-manager\4.18.1\selenium-manager-4.18.1.jar;C:\Users\bchattopadhy\.m2\repository\org\seleniumhq\selenium\selenium-devtools-v120\4.18.1\selenium-devtools-v120-4.18.1.jar;C:\Users\bchattopadhy\.m2\repository\org\seleniumhq\selenium\selenium-devtools-v121\4.18.1\selenium-devtools-v121-4.18.1.jar;C:\Users\bchattopadhy\.m2\repository\org\seleniumhq\selenium\selenium-devtools-v122\4.18.1\selenium-devtools-v122-4.18.1.jar;C:\Users\bchattopadhy\.m2\repository\org\seleniumhq\selenium\selenium-devtools-v85\4.18.1\selenium-devtools-v85-4.18.1.jar;C:\Users\bchattopadhy\.m2\repository\org\seleniumhq\selenium\selenium-edge-driver\4.18.1\selenium-edge-driver-4.18.1.jar;C:\Users\bchattopadhy\.m2\repository\org\seleniumhq\selenium\selenium-firefox-driver\4.18.1\selenium-firefox-driver-4.18.1.jar;C:\Users\bchattopadhy\.m2\repository\org\seleniumhq\selenium\selenium-http\4.18.1\selenium-http-4.18.1.jar;C:\Users\bchattopadhy\.m2\repository\dev\failsafe\failsafe\3.3.2\failsafe-3.3.2.jar;C:\Users\bchattopadhy\.m2\repository\org\seleniumhq\selenium\selenium-ie-driver\4.18.1\selenium-ie-driver-4.18.1.jar;C:\Users\bchattopadhy\.m2\repository\org\seleniumhq\selenium\selenium-remote-driver\4.18.1\selenium-remote-driver-4.18.1.jar;C:\Users\bchattopadhy\.m2\repository\com\google\guava\guava\33.0.0-jre\guava-33.0.0-jre.jar;C:\Users\bchattopadhy\.m2\repository\com\google\guava\failureaccess\1.0.2\failureaccess-1.0.2.jar;C:\Users\bchattopadhy\.m2\repository\com\google\guava\listenablefuture\9999.0-empty-to-avoid-conflict-with-guava\listenablefuture-9999.0-empty-to-avoid-conflict-with-guava.jar;C:\Users\bchattopadhy\.m2\repository\com\google\code\findbugs\jsr305\3.0.2\jsr305-3.0.2.jar;C:\Users\bchattopadhy\.m2\repository\org\checkerframework\checker-qual\3.41.0\checker-qual-3.41.0.jar;C:\Users\bchattopadhy\.m2\repository\com\google\errorprone\error_prone_annotations\2.23.0\error_prone_annotations-2.23.0.jar;C:\Users\bchattopadhy\.m2\repository\com\google\j2objc\j2objc-annotations\2.8\j2objc-annotations-2.8.jar;C:\Users\bchattopadhy\.m2\repository\io\opentelemetry\semconv\opentelemetry-semconv\1.23.1-alpha\opentelemetry-semconv-1.23.1-alpha.jar;C:\Users\bchattopadhy\.m2\repository\io\opentelemetry\opentelemetry-api\1.35.0\opentelemetry-api-1.35.0.jar;C:\Users\bchattopadhy\.m2\repository\io\opentelemetry\opentelemetry-context\1.35.0\opentelemetry-context-1.35.0.jar;C:\Users\bchattopadhy\.m2\repository\io\opentelemetry\opentelemetry-exporter-logging\1.35.0\opentelemetry-exporter-logging-1.35.0.jar;C:\Users\bchattopadhy\.m2\repository\io\opentelemetry\opentelemetry-sdk-common\1.35.0\opentelemetry-sdk-common-1.35.0.jar;C:\Users\bchattopadhy\.m2\repository\io\opentelemetry\opentelemetry-sdk-extension-autoconfigure-spi\1.35.0\opentelemetry-sdk-extension-autoconfigure-spi-1.35.0.jar;C:\Users\bchattopadhy\.m2\repository\io\opentelemetry\opentelemetry-sdk-extension-autoconfigure\1.35.0\opentelemetry-sdk-extension-autoconfigure-1.35.0.jar;C:\Users\bchattopadhy\.m2\repository\io\opentelemetry\opentelemetry-api-events\1.35.0-alpha\opentelemetry-api-events-1.35.0-alpha.jar;C:\Users\bchattopadhy\.m2\repository\io\opentelemetry\opentelemetry-sdk-trace\1.35.0\opentelemetry-sdk-trace-1.35.0.jar;C:\Users\bchattopadhy\.m2\repository\io\opentelemetry\opentelemetry-extension-incubator\1.35.0-alpha\opentelemetry-extension-incubator-1.35.0-alpha.jar;C:\Users\bchattopadhy\.m2\repository\io\opentelemetry\opentelemetry-sdk\1.35.0\opentelemetry-sdk-1.35.0.jar;C:\Users\bchattopadhy\.m2\repository\io\opentelemetry\opentelemetry-sdk-metrics\1.35.0\opentelemetry-sdk-metrics-1.35.0.jar;C:\Users\bchattopadhy\.m2\repository\io\opentelemetry\opentelemetry-sdk-logs\1.35.0\opentelemetry-sdk-logs-1.35.0.jar;C:\Users\bchattopadhy\.m2\repository\net\bytebuddy\byte-buddy\1.14.12\byte-buddy-1.14.12.jar;C:\Users\bchattopadhy\.m2\repository\org\seleniumhq\selenium\selenium-os\4.18.1\selenium-os-4.18.1.jar;C:\Users\bchattopadhy\.m2\repository\org\apache\commons\commons-exec\1.3\commons-exec-1.3.jar;C:\Users\bchattopadhy\.m2\repository\org\seleniumhq\selenium\selenium-safari-driver\4.18.1\selenium-safari-driver-4.18.1.jar;C:\Users\bchattopadhy\.m2\repository\org\seleniumhq\selenium\selenium-support\4.18.1\selenium-support-4.18.1.jar;C:\Users\bchattopadhy\.m2\repository\org\testng\testng\7.9.0\testng-7.9.0.jar;C:\Users\bchattopadhy\.m2\repository\com\beust\jcommander\1.82\jcommander-1.82.jar;C:\Users\bchattopadhy\.m2\repository\org\webjars\jquery\3.7.1\jquery-3.7.1.jar;C:\Users\bchattopadhy\.m2\repository\org\apache\poi\poi\5.2.5\poi-5.2.5.jar;C:\Users\bchattopadhy\.m2\repository\commons-codec\commons-codec\1.16.0\commons-codec-1.16.0.jar;C:\Users\bchattopadhy\.m2\repository\org\apache\commons\commons-collections4\4.4\commons-collections4-4.4.jar;C:\Users\bchattopadhy\.m2\repository\org\apache\commons\commons-math3\3.6.1\commons-math3-3.6.1.jar;C:\Users\bchattopadhy\.m2\repository\com\zaxxer\SparseBitSet\1.3\SparseBitSet-1.3.jar;C:\Users\bchattopadhy\.m2\repository\org\apache\logging\log4j\log4j-api\2.21.1\log4j-api-2.21.1.jar;C:\Users\bchattopadhy\.m2\repository\org\apache\poi\poi-ooxml-schemas\4.1.2\poi-ooxml-schemas-4.1.2.jar;C:\Users\bchattopadhy\.m2\repository\org\apache\xmlbeans\xmlbeans\3.1.0\xmlbeans-3.1.0.jar;C:\Users\bchattopadhy\.m2\repository\org\apache\poi\poi-scratchpad\5.2.5\poi-scratchpad-5.2.5.jar;C:\Users\bchattopadhy\.m2\repository\commons-io\commons-io\2.15.1\commons-io-2.15.1.jar;C:\Users\bchattopadhy\.m2\repository\com\relevantcodes\extentreports\2.41.2\extentreports-2.41.2.jar;C:\Users\bchattopadhy\.m2\repository\org\jsoup\jsoup\1.8.3\jsoup-1.8.3.jar;C:\Users\bchattopadhy\.m2\repository\org\xerial\sqlite-jdbc\3.8.11.1\sqlite-jdbc-3.8.11.1.jar;C:\Users\bchattopadhy\.m2\repository\org\freemarker\freemarker\2.3.23\freemarker-2.3.23.jar;C:\Users\bchattopadhy\.m2\repository\org\mongodb\mongodb-driver\3.0.4\mongodb-driver-3.0.4.jar;C:\Users\bchattopadhy\.m2\repository\org\mongodb\bson\3.0.4\bson-3.0.4.jar;C:\Users\bchattopadhy\.m2\repository\org\mongodb\mongodb-driver-core\3.0.4\mongodb-driver-core-3.0.4.jar;C:\Users\bchattopadhy\.m2\repository\org\slf4j\slf4j-api\2.1.0-alpha1\slf4j-api-2.1.0-alpha1.jar;C:\Users\bchattopadhy\.m2\repository\org\slf4j\slf4j-simple\2.1.0-alpha1\slf4j-simple-2.1.0-alpha1.jar;C:\Users\bchattopadhy\.m2\repository\com\aventstack\extentreports\5.1.1\extentreports-5.1.1.jar;C:\Users\bchattopadhy\.m2\repository\io\reactivex\rxjava3\rxjava\3.1.6\rxjava-3.1.6.jar;C:\Users\bchattopadhy\.m2\repository\org\reactivestreams\reactive-streams\1.0.4\reactive-streams-1.0.4.jar;C:\Users\bchattopadhy\.m2\repository\org\projectlombok\lombok\1.18.26\lombok-1.18.26.jar;C:\Users\bchattopadhy\.m2\repository\com\google\code\gson\gson\2.10.1\gson-2.10.1.jar;C:\Users\bchattopadhy\.m2\repository\com\browserstack\browserstack-java-sdk\1.13.15\browserstack-java-sdk-1.13.15.jar;"/>
    <property name="java.vm.vendor" value="Oracle Corporation"/>
    <property name="sun.arch.data.model" value="64"/>
    <property name="user.variant" value=""/>
    <property name="java.vendor.url" value="https://java.oracle.com/"/>
    <property name="user.timezone" value="Asia/Calcutta"/>
    <property name="os.name" value="Windows 10"/>
    <property name="java.vm.specification.version" value="21"/>
    <property name="sun.java.launcher" value="SUN_STANDARD"/>
    <property name="user.country" value="US"/>
    <property name="sun.boot.library.path" value="C:\Program Files\Java\jdk-21\bin"/>
    <property name="sun.java.command" value="C:\Users\bchattopadhy\AppData\Local\Temp\surefire4201929448666283137\surefirebooter-20240327163520875_3.jar C:\Users\bchattopadhy\AppData\Local\Temp\surefire4201929448666283137 2024-03-27T16-35-20_479-jvmRun1 surefire-20240327163520875_1tmp surefire_0-20240327163520875_2tmp"/>
    <property name="jdk.debug" value="release"/>
    <property name="surefire.test.class.path" value="C:\Users\bchattopadhy\eclipse-workspace\Ecom\target\test-classes;C:\Users\bchattopadhy\eclipse-workspace\Ecom\target\classes;C:\Users\bchattopadhy\.m2\repository\org\seleniumhq\selenium\selenium-java\4.18.1\selenium-java-4.18.1.jar;C:\Users\bchattopadhy\.m2\repository\org\seleniumhq\selenium\selenium-api\4.18.1\selenium-api-4.18.1.jar;C:\Users\bchattopadhy\.m2\repository\org\seleniumhq\selenium\selenium-chrome-driver\4.18.1\selenium-chrome-driver-4.18.1.jar;C:\Users\bchattopadhy\.m2\repository\com\google\auto\service\auto-service-annotations\1.1.1\auto-service-annotations-1.1.1.jar;C:\Users\bchattopadhy\.m2\repository\org\seleniumhq\selenium\selenium-chromium-driver\4.18.1\selenium-chromium-driver-4.18.1.jar;C:\Users\bchattopadhy\.m2\repository\org\seleniumhq\selenium\selenium-json\4.18.1\selenium-json-4.18.1.jar;C:\Users\bchattopadhy\.m2\repository\org\seleniumhq\selenium\selenium-manager\4.18.1\selenium-manager-4.18.1.jar;C:\Users\bchattopadhy\.m2\repository\org\seleniumhq\selenium\selenium-devtools-v120\4.18.1\selenium-devtools-v120-4.18.1.jar;C:\Users\bchattopadhy\.m2\repository\org\seleniumhq\selenium\selenium-devtools-v121\4.18.1\selenium-devtools-v121-4.18.1.jar;C:\Users\bchattopadhy\.m2\repository\org\seleniumhq\selenium\selenium-devtools-v122\4.18.1\selenium-devtools-v122-4.18.1.jar;C:\Users\bchattopadhy\.m2\repository\org\seleniumhq\selenium\selenium-devtools-v85\4.18.1\selenium-devtools-v85-4.18.1.jar;C:\Users\bchattopadhy\.m2\repository\org\seleniumhq\selenium\selenium-edge-driver\4.18.1\selenium-edge-driver-4.18.1.jar;C:\Users\bchattopadhy\.m2\repository\org\seleniumhq\selenium\selenium-firefox-driver\4.18.1\selenium-firefox-driver-4.18.1.jar;C:\Users\bchattopadhy\.m2\repository\org\seleniumhq\selenium\selenium-http\4.18.1\selenium-http-4.18.1.jar;C:\Users\bchattopadhy\.m2\repository\dev\failsafe\failsafe\3.3.2\failsafe-3.3.2.jar;C:\Users\bchattopadhy\.m2\repository\org\seleniumhq\selenium\selenium-ie-driver\4.18.1\selenium-ie-driver-4.18.1.jar;C:\Users\bchattopadhy\.m2\repository\org\seleniumhq\selenium\selenium-remote-driver\4.18.1\selenium-remote-driver-4.18.1.jar;C:\Users\bchattopadhy\.m2\repository\com\google\guava\guava\33.0.0-jre\guava-33.0.0-jre.jar;C:\Users\bchattopadhy\.m2\repository\com\google\guava\failureaccess\1.0.2\failureaccess-1.0.2.jar;C:\Users\bchattopadhy\.m2\repository\com\google\guava\listenablefuture\9999.0-empty-to-avoid-conflict-with-guava\listenablefuture-9999.0-empty-to-avoid-conflict-with-guava.jar;C:\Users\bchattopadhy\.m2\repository\com\google\code\findbugs\jsr305\3.0.2\jsr305-3.0.2.jar;C:\Users\bchattopadhy\.m2\repository\org\checkerframework\checker-qual\3.41.0\checker-qual-3.41.0.jar;C:\Users\bchattopadhy\.m2\repository\com\google\errorprone\error_prone_annotations\2.23.0\error_prone_annotations-2.23.0.jar;C:\Users\bchattopadhy\.m2\repository\com\google\j2objc\j2objc-annotations\2.8\j2objc-annotations-2.8.jar;C:\Users\bchattopadhy\.m2\repository\io\opentelemetry\semconv\opentelemetry-semconv\1.23.1-alpha\opentelemetry-semconv-1.23.1-alpha.jar;C:\Users\bchattopadhy\.m2\repository\io\opentelemetry\opentelemetry-api\1.35.0\opentelemetry-api-1.35.0.jar;C:\Users\bchattopadhy\.m2\repository\io\opentelemetry\opentelemetry-context\1.35.0\opentelemetry-context-1.35.0.jar;C:\Users\bchattopadhy\.m2\repository\io\opentelemetry\opentelemetry-exporter-logging\1.35.0\opentelemetry-exporter-logging-1.35.0.jar;C:\Users\bchattopadhy\.m2\repository\io\opentelemetry\opentelemetry-sdk-common\1.35.0\opentelemetry-sdk-common-1.35.0.jar;C:\Users\bchattopadhy\.m2\repository\io\opentelemetry\opentelemetry-sdk-extension-autoconfigure-spi\1.35.0\opentelemetry-sdk-extension-autoconfigure-spi-1.35.0.jar;C:\Users\bchattopadhy\.m2\repository\io\opentelemetry\opentelemetry-sdk-extension-autoconfigure\1.35.0\opentelemetry-sdk-extension-autoconfigure-1.35.0.jar;C:\Users\bchattopadhy\.m2\repository\io\opentelemetry\opentelemetry-api-events\1.35.0-alpha\opentelemetry-api-events-1.35.0-alpha.jar;C:\Users\bchattopadhy\.m2\repository\io\opentelemetry\opentelemetry-sdk-trace\1.35.0\opentelemetry-sdk-trace-1.35.0.jar;C:\Users\bchattopadhy\.m2\repository\io\opentelemetry\opentelemetry-extension-incubator\1.35.0-alpha\opentelemetry-extension-incubator-1.35.0-alpha.jar;C:\Users\bchattopadhy\.m2\repository\io\opentelemetry\opentelemetry-sdk\1.35.0\opentelemetry-sdk-1.35.0.jar;C:\Users\bchattopadhy\.m2\repository\io\opentelemetry\opentelemetry-sdk-metrics\1.35.0\opentelemetry-sdk-metrics-1.35.0.jar;C:\Users\bchattopadhy\.m2\repository\io\opentelemetry\opentelemetry-sdk-logs\1.35.0\opentelemetry-sdk-logs-1.35.0.jar;C:\Users\bchattopadhy\.m2\repository\net\bytebuddy\byte-buddy\1.14.12\byte-buddy-1.14.12.jar;C:\Users\bchattopadhy\.m2\repository\org\seleniumhq\selenium\selenium-os\4.18.1\selenium-os-4.18.1.jar;C:\Users\bchattopadhy\.m2\repository\org\apache\commons\commons-exec\1.3\commons-exec-1.3.jar;C:\Users\bchattopadhy\.m2\repository\org\seleniumhq\selenium\selenium-safari-driver\4.18.1\selenium-safari-driver-4.18.1.jar;C:\Users\bchattopadhy\.m2\repository\org\seleniumhq\selenium\selenium-support\4.18.1\selenium-support-4.18.1.jar;C:\Users\bchattopadhy\.m2\repository\org\testng\testng\7.9.0\testng-7.9.0.jar;C:\Users\bchattopadhy\.m2\repository\com\beust\jcommander\1.82\jcommander-1.82.jar;C:\Users\bchattopadhy\.m2\repository\org\webjars\jquery\3.7.1\jquery-3.7.1.jar;C:\Users\bchattopadhy\.m2\repository\org\apache\poi\poi\5.2.5\poi-5.2.5.jar;C:\Users\bchattopadhy\.m2\repository\commons-codec\commons-codec\1.16.0\commons-codec-1.16.0.jar;C:\Users\bchattopadhy\.m2\repository\org\apache\commons\commons-collections4\4.4\commons-collections4-4.4.jar;C:\Users\bchattopadhy\.m2\repository\org\apache\commons\commons-math3\3.6.1\commons-math3-3.6.1.jar;C:\Users\bchattopadhy\.m2\repository\com\zaxxer\SparseBitSet\1.3\SparseBitSet-1.3.jar;C:\Users\bchattopadhy\.m2\repository\org\apache\logging\log4j\log4j-api\2.21.1\log4j-api-2.21.1.jar;C:\Users\bchattopadhy\.m2\repository\org\apache\poi\poi-ooxml-schemas\4.1.2\poi-ooxml-schemas-4.1.2.jar;C:\Users\bchattopadhy\.m2\repository\org\apache\xmlbeans\xmlbeans\3.1.0\xmlbeans-3.1.0.jar;C:\Users\bchattopadhy\.m2\repository\org\apache\poi\poi-scratchpad\5.2.5\poi-scratchpad-5.2.5.jar;C:\Users\bchattopadhy\.m2\repository\commons-io\commons-io\2.15.1\commons-io-2.15.1.jar;C:\Users\bchattopadhy\.m2\repository\com\relevantcodes\extentreports\2.41.2\extentreports-2.41.2.jar;C:\Users\bchattopadhy\.m2\repository\org\jsoup\jsoup\1.8.3\jsoup-1.8.3.jar;C:\Users\bchattopadhy\.m2\repository\org\xerial\sqlite-jdbc\3.8.11.1\sqlite-jdbc-3.8.11.1.jar;C:\Users\bchattopadhy\.m2\repository\org\freemarker\freemarker\2.3.23\freemarker-2.3.23.jar;C:\Users\bchattopadhy\.m2\repository\org\mongodb\mongodb-driver\3.0.4\mongodb-driver-3.0.4.jar;C:\Users\bchattopadhy\.m2\repository\org\mongodb\bson\3.0.4\bson-3.0.4.jar;C:\Users\bchattopadhy\.m2\repository\org\mongodb\mongodb-driver-core\3.0.4\mongodb-driver-core-3.0.4.jar;C:\Users\bchattopadhy\.m2\repository\org\slf4j\slf4j-api\2.1.0-alpha1\slf4j-api-2.1.0-alpha1.jar;C:\Users\bchattopadhy\.m2\repository\org\slf4j\slf4j-simple\2.1.0-alpha1\slf4j-simple-2.1.0-alpha1.jar;C:\Users\bchattopadhy\.m2\repository\com\aventstack\extentreports\5.1.1\extentreports-5.1.1.jar;C:\Users\bchattopadhy\.m2\repository\io\reactivex\rxjava3\rxjava\3.1.6\rxjava-3.1.6.jar;C:\Users\bchattopadhy\.m2\repository\org\reactivestreams\reactive-streams\1.0.4\reactive-streams-1.0.4.jar;C:\Users\bchattopadhy\.m2\repository\org\projectlombok\lombok\1.18.26\lombok-1.18.26.jar;C:\Users\bchattopadhy\.m2\repository\com\google\code\gson\gson\2.10.1\gson-2.10.1.jar;C:\Users\bchattopadhy\.m2\repository\com\browserstack\browserstack-java-sdk\1.13.15\browserstack-java-sdk-1.13.15.jar;"/>
    <property name="sun.cpu.endian" value="little"/>
    <property name="user.home" value="C:\Users\bchattopadhy"/>
    <property name="user.language" value="en"/>
    <property name="java.specification.vendor" value="Oracle Corporation"/>
    <property name="java.version.date" value="2024-01-16"/>
    <property name="java.home" value="C:\Program Files\Java\jdk-21"/>
    <property name="file.separator" value="\"/>
    <property name="basedir" value="C:\Users\bchattopadhy\eclipse-workspace\Ecom"/>
    <property name="java.vm.compressedOopsMode" value="Zero based"/>
    <property name="line.separator" value="&#10;"/>
    <property name="java.vm.specification.vendor" value="Oracle Corporation"/>
    <property name="java.specification.name" value="Java Platform API Specification"/>
    <property name="surefire.real.class.path" value="C:\Users\bchattopadhy\AppData\Local\Temp\surefire4201929448666283137\surefirebooter-20240327163520875_3.jar"/>
    <property name="user.script" value=""/>
    <property name="sun.management.compiler" value="HotSpot 64-Bit Tiered Compilers"/>
    <property name="java.runtime.version" value="21.0.2+13-LTS-58"/>
    <property name="user.name" value="bchattopadhy"/>
    <property name="stdout.encoding" value="Cp1252"/>
    <property name="path.separator" value=";"/>
    <property name="os.version" value="10.0"/>
    <property name="java.runtime.name" value="Java(TM) SE Runtime Environment"/>
    <property name="file.encoding" value="UTF-8"/>
    <property name="java.vm.name" value="Java HotSpot(TM) 64-Bit Server VM"/>
    <property name="localRepository" value="C:\Users\bchattopadhy\.m2\repository"/>
    <property name="java.vendor.url.bug" value="https://bugreport.java.com/bugreport/"/>
    <property name="java.io.tmpdir" value="C:\Users\BCHATT~1\AppData\Local\Temp\"/>
    <property name="java.version" value="21.0.2"/>
    <property name="user.dir" value="C:\Users\bchattopadhy\eclipse-workspace\Ecom"/>
    <property name="os.arch" value="amd64"/>
    <property name="java.vm.specification.name" value="Java Virtual Machine Specification"/>
    <property name="sun.os.patch.level" value=""/>
    <property name="native.encoding" value="Cp1252"/>
    <property name="java.library.path" value="C:\Program Files\Java\jdk-21\bin;C:\WINDOWS\Sun\Java\bin;C:\WINDOWS\system32;C:\WINDOWS;C:\Users\bchattopadhy\.jenkins\tools\hudson.tasks.Maven_MavenInstallation\Test_Maven/bin;C:\Program Files\Common Files\Oracle\Java\javapath;C:\Python312\Scripts\;C:\Python312\;C:\WINDOWS\system32;C:\WINDOWS;C:\WINDOWS\System32\Wbem;C:\WINDOWS\System32\WindowsPowerShell\v1.0\;C:\WINDOWS\System32\OpenSSH\;C:\Program Files (x86)\Microsoft SQL Server\160\DTS\Binn\;C:\Program Files\Azure Data Studio\bin;C:\ProgramData\chocolatey\bin;C:\Program Files\nodejs\;C:\Program Files\Java\jdk-21\bin;C:\Users\bchattopadhy\Downloads\apache-maven-3.9.6\bin;C:\Program Files\Docker\Docker\resources\bin;C:\Users\bchattopadhy\AppData\Local\Programs\Python\Python311\Scripts\;C:\Users\bchattopadhy\AppData\Local\Programs\Python\Python311\;C:\Users\bchattopadhy\AppData\Local\Microsoft\WindowsApps;C:\Users\bchattopadhy\AppData\Local\Programs\Microsoft VS Code\bin;C:\Users\bchattopadhy\AppData\Local\GitHubDesktop\bin;C:\Users\bchattopadhy\AppData\Local\Programs\Git\cmd;C:\Program Files\Azure Data Studio\bin;C:\Users\bchattopadhy\AppData\Roaming\npm;;."/>
    <property name="java.vm.info" value="mixed mode, sharing"/>
    <property name="stderr.encoding" value="Cp1252"/>
    <property name="java.vendor" value="Oracle Corporation"/>
    <property name="java.vm.version" value="21.0.2+13-LTS-58"/>
    <property name="sun.io.unicode.encoding" value="UnicodeLittle"/>
    <property name="java.class.version" value="65.0"/>
  </properties>
  <testcase name="testcase" classname="com.amazon.qa.test.RunTest" time="51.242">
    <system-out><![CDATA[Product name is : 1 (Refurbished) Realme Narzo 50 5G (Hyper Blue, 4GB RAM, 64GB Storage)
Link for product is : https://www.amazon.in/Renewed-Realme-Narzo-50-Storage/dp/B0BDDKLG5K/ref=sr_1_1?dib=eyJ2IjoiMSJ9.FH1ctDYrZDIymuUk-_QyACYmO_oxqIhjx0mVNlYMqM4d-WQ34mVpZVECHrTeW4Ye5skqf-fjKWT6e3bjWVsaEtbc5PQxYp_NqCld4_QC3buIptv_gKzPBUiPYKDA-iU36ov9YFBwGuhWkUrRuijhZr2xDofa2nlakqLcHIUvdGqUya4b7ObJeodk2gKIdboOS2-VgSJVsc0KeZGhrjqwoQ.DknhuJVBpkkJu9YnvA-15hDQa-b10X6nrbR9twxYSBo&dib_tag=se&keywords=iPhone+15&qid=1711537543&refinements=p_n_feature_twenty-nine_browse-bin%3A81332998031&rnid=44349045031&s=electronics&sr=1-1
Price of the product is not displayed

Product name is : 2 (Refurbished) Realme Narzo 30 Pro 5G (Sword Black, 6GB RAM, 64GB Storage)
Link for product is : https://www.amazon.in/Renewed-Realme-Narzo-Sword-Storage/dp/B09F3PGBKB/ref=sr_1_2?dib=eyJ2IjoiMSJ9.FH1ctDYrZDIymuUk-_QyACYmO_oxqIhjx0mVNlYMqM4d-WQ34mVpZVECHrTeW4Ye5skqf-fjKWT6e3bjWVsaEtbc5PQxYp_NqCld4_QC3buIptv_gKzPBUiPYKDA-iU36ov9YFBwGuhWkUrRuijhZr2xDofa2nlakqLcHIUvdGqUya4b7ObJeodk2gKIdboOS2-VgSJVsc0KeZGhrjqwoQ.DknhuJVBpkkJu9YnvA-15hDQa-b10X6nrbR9twxYSBo&dib_tag=se&keywords=iPhone+15&qid=1711537543&refinements=p_n_feature_twenty-nine_browse-bin%3A81332998031&rnid=44349045031&s=electronics&sr=1-2
Price of the product is : 17,499

Product name is : 3 (Refurbished) Realme Narzo 30 Pro 5G (Blade Silver, 6GB RAM, 64GB Storage)
Link for product is : https://www.amazon.in/Renewed-Realme-Narzo-Silver-Storage/dp/B09F3N6B2M/ref=sr_1_3?dib=eyJ2IjoiMSJ9.FH1ctDYrZDIymuUk-_QyACYmO_oxqIhjx0mVNlYMqM4d-WQ34mVpZVECHrTeW4Ye5skqf-fjKWT6e3bjWVsaEtbc5PQxYp_NqCld4_QC3buIptv_gKzPBUiPYKDA-iU36ov9YFBwGuhWkUrRuijhZr2xDofa2nlakqLcHIUvdGqUya4b7ObJeodk2gKIdboOS2-VgSJVsc0KeZGhrjqwoQ.DknhuJVBpkkJu9YnvA-15hDQa-b10X6nrbR9twxYSBo&dib_tag=se&keywords=iPhone+15&qid=1711537543&refinements=p_n_feature_twenty-nine_browse-bin%3A81332998031&rnid=44349045031&s=electronics&sr=1-3
Price of the product is : 13,999

Product name is : 4 vivo Y16 (Drizzling Gold, 3GB RAM, 64GB Storage) with No Cost EMI/Additional Exchange Offers
Link for product is : https://www.amazon.in/Vivo-Drizzling-Storage-Additional-Exchange/dp/B07WGNVP3S/ref=sr_1_4?dib=eyJ2IjoiMSJ9.FH1ctDYrZDIymuUk-_QyACYmO_oxqIhjx0mVNlYMqM4d-WQ34mVpZVECHrTeW4Ye5skqf-fjKWT6e3bjWVsaEtbc5PQxYp_NqCld4_QC3buIptv_gKzPBUiPYKDA-iU36ov9YFBwGuhWkUrRuijhZr2xDofa2nlakqLcHIUvdGqUya4b7ObJeodk2gKIdboOS2-VgSJVsc0KeZGhrjqwoQ.DknhuJVBpkkJu9YnvA-15hDQa-b10X6nrbR9twxYSBo&dib_tag=se&keywords=iPhone+15&qid=1711537543&refinements=p_n_feature_twenty-nine_browse-bin%3A81332998031&rnid=44349045031&s=electronics&sr=1-4
Price of the product is : 13,490

Product name is : 5 (Refurbished) OPPO A55 (Starry Black, 6GB RAM, 128GB Storage) with No Cost EMI/Additional Exchange Offers
Link for product is : https://www.amazon.in/Renewed-Starry-Storage-Additional-Exchange/dp/B09JZW94CC/ref=sr_1_5?dib=eyJ2IjoiMSJ9.FH1ctDYrZDIymuUk-_QyACYmO_oxqIhjx0mVNlYMqM4d-WQ34mVpZVECHrTeW4Ye5skqf-fjKWT6e3bjWVsaEtbc5PQxYp_NqCld4_QC3buIptv_gKzPBUiPYKDA-iU36ov9YFBwGuhWkUrRuijhZr2xDofa2nlakqLcHIUvdGqUya4b7ObJeodk2gKIdboOS2-VgSJVsc0KeZGhrjqwoQ.DknhuJVBpkkJu9YnvA-15hDQa-b10X6nrbR9twxYSBo&dib_tag=se&keywords=iPhone+15&qid=1711537543&refinements=p_n_feature_twenty-nine_browse-bin%3A81332998031&rnid=44349045031&s=electronics&sr=1-5
Price of the product is : 9,999

Product name is : 6 (Refurbished) realme C53 (Champion Gold, 6GB RAM, 64GB Storage)
Link for product is : https://www.amazon.in/Refurbished-realme-Champion-Gold-Storage/dp/B0CHMCPV8R/ref=sr_1_6?dib=eyJ2IjoiMSJ9.FH1ctDYrZDIymuUk-_QyACYmO_oxqIhjx0mVNlYMqM4d-WQ34mVpZVECHrTeW4Ye5skqf-fjKWT6e3bjWVsaEtbc5PQxYp_NqCld4_QC3buIptv_gKzPBUiPYKDA-iU36ov9YFBwGuhWkUrRuijhZr2xDofa2nlakqLcHIUvdGqUya4b7ObJeodk2gKIdboOS2-VgSJVsc0KeZGhrjqwoQ.DknhuJVBpkkJu9YnvA-15hDQa-b10X6nrbR9twxYSBo&dib_tag=se&keywords=iPhone+15&qid=1711537543&refinements=p_n_feature_twenty-nine_browse-bin%3A81332998031&rnid=44349045031&s=electronics&sr=1-6
Price of the product is not displayed

Product name is : 7 (Refurbished) realme C53 (Champion Black, 6GB RAM, 64GB Storage)
Link for product is : https://www.amazon.in/Refurbished-realme-Champion-Black-Storage/dp/B0CHJ8QFFG/ref=sr_1_7?dib=eyJ2IjoiMSJ9.FH1ctDYrZDIymuUk-_QyACYmO_oxqIhjx0mVNlYMqM4d-WQ34mVpZVECHrTeW4Ye5skqf-fjKWT6e3bjWVsaEtbc5PQxYp_NqCld4_QC3buIptv_gKzPBUiPYKDA-iU36ov9YFBwGuhWkUrRuijhZr2xDofa2nlakqLcHIUvdGqUya4b7ObJeodk2gKIdboOS2-VgSJVsc0KeZGhrjqwoQ.DknhuJVBpkkJu9YnvA-15hDQa-b10X6nrbR9twxYSBo&dib_tag=se&keywords=iPhone+15&qid=1711537543&refinements=p_n_feature_twenty-nine_browse-bin%3A81332998031&rnid=44349045031&s=electronics&sr=1-7
Price of the product is not displayed

Product name is : 8 realme C35 (Glowing Green, 4GB RAM, 64GB Storage)
Link for product is : https://www.amazon.in/Realme-C35-Glowing-Green-Storage/dp/B09VKQF42Y/ref=sr_1_8?dib=eyJ2IjoiMSJ9.FH1ctDYrZDIymuUk-_QyACYmO_oxqIhjx0mVNlYMqM4d-WQ34mVpZVECHrTeW4Ye5skqf-fjKWT6e3bjWVsaEtbc5PQxYp_NqCld4_QC3buIptv_gKzPBUiPYKDA-iU36ov9YFBwGuhWkUrRuijhZr2xDofa2nlakqLcHIUvdGqUya4b7ObJeodk2gKIdboOS2-VgSJVsc0KeZGhrjqwoQ.DknhuJVBpkkJu9YnvA-15hDQa-b10X6nrbR9twxYSBo&dib_tag=se&keywords=iPhone+15&qid=1711537543&refinements=p_n_feature_twenty-nine_browse-bin%3A81332998031&rnid=44349045031&s=electronics&sr=1-8
Price of the product is not displayed

Product name is : 9 (Refurbished) realme C55 (Rainy Night 6GB RAM, 64GB Storage)
Link for product is : https://www.amazon.in/Refurbished-realme-Rainy-Night-Storage/dp/B0C9J35PQH/ref=sr_1_9?dib=eyJ2IjoiMSJ9.FH1ctDYrZDIymuUk-_QyACYmO_oxqIhjx0mVNlYMqM4d-WQ34mVpZVECHrTeW4Ye5skqf-fjKWT6e3bjWVsaEtbc5PQxYp_NqCld4_QC3buIptv_gKzPBUiPYKDA-iU36ov9YFBwGuhWkUrRuijhZr2xDofa2nlakqLcHIUvdGqUya4b7ObJeodk2gKIdboOS2-VgSJVsc0KeZGhrjqwoQ.DknhuJVBpkkJu9YnvA-15hDQa-b10X6nrbR9twxYSBo&dib_tag=se&keywords=iPhone+15&qid=1711537543&refinements=p_n_feature_twenty-nine_browse-bin%3A81332998031&rnid=44349045031&s=electronics&sr=1-9
Price of the product is : 8,649

Product name is : 10 IKALL Z17 Smartphone (6.53 HD+ Display, 4GB, 64GB) (1.6 Ghz Octa Core Processor) (Black)
Link for product is : https://www.amazon.in/IKALL-Z17-Smartphone-Display-Processor/dp/B0C6TW2BK8/ref=sr_1_10?dib=eyJ2IjoiMSJ9.FH1ctDYrZDIymuUk-_QyACYmO_oxqIhjx0mVNlYMqM4d-WQ34mVpZVECHrTeW4Ye5skqf-fjKWT6e3bjWVsaEtbc5PQxYp_NqCld4_QC3buIptv_gKzPBUiPYKDA-iU36ov9YFBwGuhWkUrRuijhZr2xDofa2nlakqLcHIUvdGqUya4b7ObJeodk2gKIdboOS2-VgSJVsc0KeZGhrjqwoQ.DknhuJVBpkkJu9YnvA-15hDQa-b10X6nrbR9twxYSBo&dib_tag=se&keywords=iPhone+15&qid=1711537543&refinements=p_n_feature_twenty-nine_browse-bin%3A81332998031&rnid=44349045031&s=electronics&sr=1-10
Price of the product is : 7,990

Product name is : 11 (Refurbished) OPPO A17 (Sunlight Orange, 4GB RAM, 64GB Storage)
Link for product is : https://www.amazon.in/Renewed-Sunlight-Storage-Additional-Exchange/dp/B0BN9VHCFR/ref=sr_1_11?dib=eyJ2IjoiMSJ9.FH1ctDYrZDIymuUk-_QyACYmO_oxqIhjx0mVNlYMqM4d-WQ34mVpZVECHrTeW4Ye5skqf-fjKWT6e3bjWVsaEtbc5PQxYp_NqCld4_QC3buIptv_gKzPBUiPYKDA-iU36ov9YFBwGuhWkUrRuijhZr2xDofa2nlakqLcHIUvdGqUya4b7ObJeodk2gKIdboOS2-VgSJVsc0KeZGhrjqwoQ.DknhuJVBpkkJu9YnvA-15hDQa-b10X6nrbR9twxYSBo&dib_tag=se&keywords=iPhone+15&qid=1711537543&refinements=p_n_feature_twenty-nine_browse-bin%3A81332998031&rnid=44349045031&s=electronics&sr=1-11
Price of the product is : 6,999

Product name is : 12 IKALL Z19 Pro Smartphone (4GB, 64GB) | 6.5" Display | 1.6 Ghz Octa Core (Blue)
Link for product is : https://www.amazon.in/IKALL-Z19-Pro-Smartphone-Multi-Touch/dp/B0C2CWV2PS/ref=sr_1_12?dib=eyJ2IjoiMSJ9.FH1ctDYrZDIymuUk-_QyACYmO_oxqIhjx0mVNlYMqM4d-WQ34mVpZVECHrTeW4Ye5skqf-fjKWT6e3bjWVsaEtbc5PQxYp_NqCld4_QC3buIptv_gKzPBUiPYKDA-iU36ov9YFBwGuhWkUrRuijhZr2xDofa2nlakqLcHIUvdGqUya4b7ObJeodk2gKIdboOS2-VgSJVsc0KeZGhrjqwoQ.DknhuJVBpkkJu9YnvA-15hDQa-b10X6nrbR9twxYSBo&dib_tag=se&keywords=iPhone+15&qid=1711537543&refinements=p_n_feature_twenty-nine_browse-bin%3A81332998031&rnid=44349045031&s=electronics&sr=1-12
Price of the product is : 6,998

Product name is : 13 IKALL Z20 Smartphone (6.5 Inch HD Display, 4GB, 64GB) (Black)
Link for product is : https://www.amazon.in/IKALL-Z20-Smartphone-Display-Black/dp/B0CDQ7DDM5/ref=sr_1_13?dib=eyJ2IjoiMSJ9.FH1ctDYrZDIymuUk-_QyACYmO_oxqIhjx0mVNlYMqM4d-WQ34mVpZVECHrTeW4Ye5skqf-fjKWT6e3bjWVsaEtbc5PQxYp_NqCld4_QC3buIptv_gKzPBUiPYKDA-iU36ov9YFBwGuhWkUrRuijhZr2xDofa2nlakqLcHIUvdGqUya4b7ObJeodk2gKIdboOS2-VgSJVsc0KeZGhrjqwoQ.DknhuJVBpkkJu9YnvA-15hDQa-b10X6nrbR9twxYSBo&dib_tag=se&keywords=iPhone+15&qid=1711537543&refinements=p_n_feature_twenty-nine_browse-bin%3A81332998031&rnid=44349045031&s=electronics&sr=1-13
Price of the product is : 6,915

Product name is : 14 itel P40 (6000mAh Battery with Fast Charging | 2GB RAM + 64GB ROM, Up to 4GB RAM with Memory Fusion | Octa-core Processor | 13MP AI Dual Rear Camera) - Luxurious Gold
Link for product is : https://www.amazon.in/Itel-6000mAh-Charging-Octa-core-Processor/dp/B0BXLPY5WW/ref=sr_1_14?dib=eyJ2IjoiMSJ9.FH1ctDYrZDIymuUk-_QyACYmO_oxqIhjx0mVNlYMqM4d-WQ34mVpZVECHrTeW4Ye5skqf-fjKWT6e3bjWVsaEtbc5PQxYp_NqCld4_QC3buIptv_gKzPBUiPYKDA-iU36ov9YFBwGuhWkUrRuijhZr2xDofa2nlakqLcHIUvdGqUya4b7ObJeodk2gKIdboOS2-VgSJVsc0KeZGhrjqwoQ.DknhuJVBpkkJu9YnvA-15hDQa-b10X6nrbR9twxYSBo&dib_tag=se&keywords=iPhone+15&qid=1711537543&refinements=p_n_feature_twenty-nine_browse-bin%3A81332998031&rnid=44349045031&s=electronics&sr=1-14
Price of the product is : 6,799

]]></system-out>
    <system-err><![CDATA[SLF4J(I): Connected with provider of type [org.slf4j.simple.SimpleServiceProvider]
Mar 27, 2024 4:35:29 PM org.openqa.selenium.devtools.CdpVersionFinder findNearestMatch
WARNING: Unable to find an exact match for CDP version 123, returning the closest version; found: 122; Please update to a Selenium version that supports CDP version 123
]]></system-err>
  </testcase>
</testsuite>